[00:00:54][main.py][38]> D: ------------------------------------------------------------------
[00:00:54][main.py][45]> I: Loading main configuration (_main.cfg)...
[00:00:54][main.py][50]> I: Loading auto response configuration (auto_response.cfg)...
[00:00:54][main.py][54]> I: Loading auto delivery configuration (auto_delivery.cfg)...
[00:00:54][main.py][78]> C: An unhandled error occurred while running Vertex.
[00:00:54][main.py][79]> D: TRACEBACK
Traceback (most recent call last):
  File "D:\GitHub\projelerv2\Crypto\FUNPAYSource\FUNPAY SOURCE\main.py", line 73, in <module>
    Vertex(MAIN_CFG, AD_CFG, AR_CFG, RAW_AR_CFG).init().run()
TypeError: Vertex.__init__() missing 1 required positional argument: 'version'
[00:00:54][main.py][80]> C: Terminating program...
[00:02:26][main.py][38]> D: ------------------------------------------------------------------
[00:02:26][main.py][45]> I: Loading main configuration (_main.cfg)...
[00:02:26][main.py][50]> I: Loading auto response configuration (auto_response.cfg)...
[00:02:26][main.py][54]> I: Loading auto delivery configuration (auto_delivery.cfg)...
[00:02:26][main.py][78]> C: An unhandled error occurred while running Vertex.
[00:02:26][main.py][79]> D: TRACEBACK
Traceback (most recent call last):
  File "D:\GitHub\projelerv2\Crypto\FUNPAYSource\FUNPAY SOURCE\main.py", line 73, in <module>
    Vertex(MAIN_CFG, AD_CFG, AR_CFG, RAW_AR_CFG).init().run()
TypeError: Vertex.__init__() missing 1 required positional argument: 'version'
[00:02:26][main.py][80]> C: Terminating program...
[00:03:15][main.py][38]> D: ------------------------------------------------------------------
[00:03:15][main.py][45]> I: Loading main configuration (_main.cfg)...
[00:03:15][main.py][50]> I: Loading auto response configuration (auto_response.cfg)...
[00:03:15][main.py][54]> I: Loading auto delivery configuration (auto_delivery.cfg)...
[00:03:15][main.py][78]> C: An unhandled error occurred while running Vertex.
[00:03:15][main.py][79]> D: TRACEBACK
Traceback (most recent call last):
  File "D:\GitHub\projelerv2\Crypto\FUNPAYSource\FUNPAY SOURCE\main.py", line 73, in <module>
    Vertex(MAIN_CFG, AD_CFG, AR_CFG, RAW_AR_CFG).init().run()
TypeError: Vertex.__init__() missing 1 required positional argument: 'version'
[00:03:15][main.py][80]> C: Terminating program...
[00:04:49][main.py][39]> D: ------------------------------------------------------------------
[00:04:49][main.py][46]> I: Loading main configuration (_main.cfg)...
[00:04:49][main.py][51]> I: Loading auto response configuration (auto_response.cfg)...
[00:04:49][main.py][55]> I: Loading auto delivery configuration (auto_delivery.cfg)...
[00:04:49][main.py][79]> C: An unhandled error occurred while running Vertex.
[00:04:49][main.py][80]> D: TRACEBACK
Traceback (most recent call last):
  File "D:\GitHub\projelerv2\Crypto\FUNPAYSource\FUNPAY SOURCE\main.py", line 74, in <module>
    Vertex(MAIN_CFG, AD_CFG, AR_CFG, RAW_AR_CFG).init().run()
TypeError: Vertex.__init__() missing 1 required positional argument: 'version'
[00:04:49][main.py][81]> C: Terminating program...
[00:05:07][main.py][39]> D: ------------------------------------------------------------------
[00:05:07][main.py][46]> I: Loading main configuration (_main.cfg)...
[00:05:07][main.py][51]> I: Loading auto response configuration (auto_response.cfg)...
[00:05:07][main.py][55]> I: Loading auto delivery configuration (auto_delivery.cfg)...
[00:05:07][main.py][79]> C: An unhandled error occurred while running Vertex.
[00:05:07][main.py][80]> D: TRACEBACK
Traceback (most recent call last):
  File "D:\GitHub\projelerv2\Crypto\FUNPAYSource\FUNPAY SOURCE\main.py", line 74, in <module>
    Vertex(MAIN_CFG, AD_CFG, AR_CFG, RAW_AR_CFG).init().run()
TypeError: Vertex.__init__() missing 1 required positional argument: 'version'
[00:05:07][main.py][81]> C: Terminating program...
